{"/Users/admin/Desktop/nodejs-express-moogodb-myBlog/myblog/index.js":{"path":"/Users/admin/Desktop/nodejs-express-moogodb-myBlog/myblog/index.js","s":{"1":1,"2":1,"3":1,"4":1,"5":1,"6":1,"7":1,"8":1,"9":1,"10":1,"11":1,"12":1,"13":1,"14":1,"15":1,"16":1,"17":1,"18":1,"19":1,"20":0,"21":0,"22":0,"23":0,"24":1,"25":1,"26":1,"27":1,"28":0,"29":1,"30":1,"31":0,"32":0},"b":{"1":[1,0]},"f":{"1":0,"2":0,"3":0},"fnMap":{"1":{"name":"(anonymous_1)","line":51,"loc":{"start":{"line":51,"column":8},"end":{"line":51,"column":30}}},"2":{"name":"(anonymous_2)","line":87,"loc":{"start":{"line":87,"column":8},"end":{"line":87,"column":34}}},"3":{"name":"(anonymous_3)","line":98,"loc":{"start":{"line":98,"column":25},"end":{"line":98,"column":35}}}},"statementMap":{"1":{"start":{"line":1,"column":0},"end":{"line":1,"column":27}},"2":{"start":{"line":2,"column":0},"end":{"line":2,"column":33}},"3":{"start":{"line":3,"column":0},"end":{"line":3,"column":41}},"4":{"start":{"line":4,"column":0},"end":{"line":4,"column":51}},"5":{"start":{"line":5,"column":0},"end":{"line":5,"column":37}},"6":{"start":{"line":6,"column":0},"end":{"line":6,"column":36}},"7":{"start":{"line":7,"column":0},"end":{"line":7,"column":33}},"8":{"start":{"line":8,"column":0},"end":{"line":8,"column":31}},"9":{"start":{"line":9,"column":0},"end":{"line":9,"column":33}},"10":{"start":{"line":10,"column":0},"end":{"line":10,"column":48}},"11":{"start":{"line":13,"column":0},"end":{"line":13,"column":20}},"12":{"start":{"line":16,"column":0},"end":{"line":16,"column":46}},"13":{"start":{"line":18,"column":0},"end":{"line":18,"column":29}},"14":{"start":{"line":21,"column":0},"end":{"line":21,"column":55}},"15":{"start":{"line":23,"column":0},"end":{"line":34,"column":4}},"16":{"start":{"line":36,"column":0},"end":{"line":36,"column":17}},"17":{"start":{"line":39,"column":0},"end":{"line":42,"column":3}},"18":{"start":{"line":45,"column":0},"end":{"line":48,"column":1}},"19":{"start":{"line":51,"column":0},"end":{"line":56,"column":2}},"20":{"start":{"line":52,"column":2},"end":{"line":52,"column":37}},"21":{"start":{"line":53,"column":2},"end":{"line":53,"column":55}},"22":{"start":{"line":54,"column":2},"end":{"line":54,"column":51}},"23":{"start":{"line":55,"column":2},"end":{"line":55,"column":9}},"24":{"start":{"line":59,"column":0},"end":{"line":69,"column":4}},"25":{"start":{"line":71,"column":0},"end":{"line":71,"column":12}},"26":{"start":{"line":74,"column":0},"end":{"line":84,"column":4}},"27":{"start":{"line":87,"column":0},"end":{"line":91,"column":4}},"28":{"start":{"line":88,"column":4},"end":{"line":90,"column":6}},"29":{"start":{"line":94,"column":0},"end":{"line":101,"column":1}},"30":{"start":{"line":95,"column":2},"end":{"line":95,"column":23}},"31":{"start":{"line":98,"column":2},"end":{"line":100,"column":2}},"32":{"start":{"line":99,"column":2},"end":{"line":99,"column":62}}},"branchMap":{"1":{"line":94,"type":"if","locations":[{"start":{"line":94,"column":0},"end":{"line":94,"column":0}},{"start":{"line":94,"column":0},"end":{"line":94,"column":0}}]}}},"/Users/admin/Desktop/nodejs-express-moogodb-myBlog/myblog/config/default.js":{"path":"/Users/admin/Desktop/nodejs-express-moogodb-myBlog/myblog/config/default.js","s":{"1":1},"b":{},"f":{},"fnMap":{},"statementMap":{"1":{"start":{"line":1,"column":0},"end":{"line":9,"column":1}}},"branchMap":{}},"/Users/admin/Desktop/nodejs-express-moogodb-myBlog/myblog/routes/index.js":{"path":"/Users/admin/Desktop/nodejs-express-moogodb-myBlog/myblog/routes/index.js","s":{"1":1,"2":1,"3":0,"4":1,"5":1,"6":1,"7":1,"8":1,"9":0,"10":0,"11":0},"b":{"1":[0,0]},"f":{"1":1,"2":0,"3":0},"fnMap":{"1":{"name":"(anonymous_1)","line":1,"loc":{"start":{"line":1,"column":17},"end":{"line":1,"column":30}}},"2":{"name":"(anonymous_2)","line":2,"loc":{"start":{"line":2,"column":13},"end":{"line":2,"column":30}}},"3":{"name":"(anonymous_3)","line":11,"loc":{"start":{"line":11,"column":9},"end":{"line":11,"column":27}}}},"statementMap":{"1":{"start":{"line":1,"column":0},"end":{"line":17,"column":1}},"2":{"start":{"line":2,"column":1},"end":{"line":4,"column":4}},"3":{"start":{"line":3,"column":2},"end":{"line":3,"column":25}},"4":{"start":{"line":5,"column":1},"end":{"line":5,"column":40}},"5":{"start":{"line":6,"column":1},"end":{"line":6,"column":40}},"6":{"start":{"line":7,"column":1},"end":{"line":7,"column":42}},"7":{"start":{"line":8,"column":1},"end":{"line":8,"column":38}},"8":{"start":{"line":11,"column":1},"end":{"line":16,"column":4}},"9":{"start":{"line":12,"column":2},"end":{"line":12,"column":49}},"10":{"start":{"line":13,"column":2},"end":{"line":15,"column":3}},"11":{"start":{"line":14,"column":3},"end":{"line":14,"column":33}}},"branchMap":{"1":{"line":13,"type":"if","locations":[{"start":{"line":13,"column":2},"end":{"line":13,"column":2}},{"start":{"line":13,"column":2},"end":{"line":13,"column":2}}]}}},"/Users/admin/Desktop/nodejs-express-moogodb-myBlog/myblog/routes/signup.js":{"path":"/Users/admin/Desktop/nodejs-express-moogodb-myBlog/myblog/routes/signup.js","s":{"1":1,"2":1,"3":1,"4":1,"5":1,"6":1,"7":1,"8":1,"9":0,"10":1,"11":0,"12":0,"13":0,"14":0,"15":0,"16":0,"17":0,"18":0,"19":0,"20":0,"21":0,"22":0,"23":0,"24":0,"25":0,"26":0,"27":0,"28":0,"29":0,"30":0,"31":0,"32":0,"33":0,"34":0,"35":0,"36":0,"37":0,"38":0,"39":0,"40":0,"41":0,"42":0,"43":0,"44":0,"45":0,"46":0,"47":0,"48":0,"49":1},"b":{"1":[0,0],"2":[0,0],"3":[0,0],"4":[0,0],"5":[0,0],"6":[0,0],"7":[0,0],"8":[0,0],"9":[0,0]},"f":{"1":0,"2":0,"3":0,"4":0},"fnMap":{"1":{"name":"(anonymous_1)","line":11,"loc":{"start":{"line":11,"column":31},"end":{"line":11,"column":56}}},"2":{"name":"(anonymous_2)","line":16,"loc":{"start":{"line":16,"column":32},"end":{"line":16,"column":57}}},"3":{"name":"(anonymous_3)","line":66,"loc":{"start":{"line":66,"column":10},"end":{"line":66,"column":28}}},"4":{"name":"(anonymous_4)","line":88,"loc":{"start":{"line":88,"column":11},"end":{"line":88,"column":24}}}},"statementMap":{"1":{"start":{"line":1,"column":0},"end":{"line":1,"column":23}},"2":{"start":{"line":2,"column":0},"end":{"line":2,"column":27}},"3":{"start":{"line":3,"column":0},"end":{"line":3,"column":27}},"4":{"start":{"line":4,"column":0},"end":{"line":4,"column":33}},"5":{"start":{"line":5,"column":0},"end":{"line":5,"column":30}},"6":{"start":{"line":7,"column":0},"end":{"line":7,"column":43}},"7":{"start":{"line":8,"column":0},"end":{"line":8,"column":66}},"8":{"start":{"line":11,"column":0},"end":{"line":13,"column":3}},"9":{"start":{"line":12,"column":2},"end":{"line":12,"column":23}},"10":{"start":{"line":16,"column":0},"end":{"line":98,"column":3}},"11":{"start":{"line":17,"column":2},"end":{"line":17,"column":29}},"12":{"start":{"line":18,"column":2},"end":{"line":18,"column":33}},"13":{"start":{"line":19,"column":2},"end":{"line":19,"column":27}},"14":{"start":{"line":20,"column":2},"end":{"line":20,"column":37}},"15":{"start":{"line":21,"column":2},"end":{"line":21,"column":24}},"16":{"start":{"line":22,"column":2},"end":{"line":22,"column":59}},"17":{"start":{"line":23,"column":2},"end":{"line":23,"column":37}},"18":{"start":{"line":24,"column":2},"end":{"line":24,"column":41}},"19":{"start":{"line":27,"column":2},"end":{"line":51,"column":3}},"20":{"start":{"line":28,"column":4},"end":{"line":30,"column":5}},"21":{"start":{"line":29,"column":6},"end":{"line":29,"column":41}},"22":{"start":{"line":31,"column":4},"end":{"line":33,"column":5}},"23":{"start":{"line":32,"column":6},"end":{"line":32,"column":39}},"24":{"start":{"line":34,"column":4},"end":{"line":36,"column":5}},"25":{"start":{"line":35,"column":6},"end":{"line":35,"column":43}},"26":{"start":{"line":37,"column":4},"end":{"line":39,"column":5}},"27":{"start":{"line":38,"column":6},"end":{"line":38,"column":30}},"28":{"start":{"line":40,"column":4},"end":{"line":42,"column":5}},"29":{"start":{"line":41,"column":6},"end":{"line":41,"column":36}},"30":{"start":{"line":43,"column":4},"end":{"line":45,"column":5}},"31":{"start":{"line":44,"column":6},"end":{"line":44,"column":35}},"32":{"start":{"line":48,"column":4},"end":{"line":48,"column":37}},"33":{"start":{"line":49,"column":4},"end":{"line":49,"column":34}},"34":{"start":{"line":50,"column":4},"end":{"line":50,"column":35}},"35":{"start":{"line":54,"column":2},"end":{"line":54,"column":28}},"36":{"start":{"line":57,"column":2},"end":{"line":63,"column":4}},"37":{"start":{"line":65,"column":2},"end":{"line":97,"column":7}},"38":{"start":{"line":67,"column":6},"end":{"line":67,"column":26}},"39":{"start":{"line":79,"column":6},"end":{"line":79,"column":27}},"40":{"start":{"line":81,"column":6},"end":{"line":81,"column":27}},"41":{"start":{"line":82,"column":6},"end":{"line":82,"column":30}},"42":{"start":{"line":84,"column":6},"end":{"line":84,"column":35}},"43":{"start":{"line":86,"column":6},"end":{"line":86,"column":29}},"44":{"start":{"line":90,"column":6},"end":{"line":90,"column":39}},"45":{"start":{"line":92,"column":6},"end":{"line":95,"column":7}},"46":{"start":{"line":93,"column":8},"end":{"line":93,"column":38}},"47":{"start":{"line":94,"column":8},"end":{"line":94,"column":39}},"48":{"start":{"line":96,"column":6},"end":{"line":96,"column":14}},"49":{"start":{"line":100,"column":0},"end":{"line":100,"column":24}}},"branchMap":{"1":{"line":28,"type":"if","locations":[{"start":{"line":28,"column":4},"end":{"line":28,"column":4}},{"start":{"line":28,"column":4},"end":{"line":28,"column":4}}]},"2":{"line":28,"type":"binary-expr","locations":[{"start":{"line":28,"column":10},"end":{"line":28,"column":26}},{"start":{"line":28,"column":30},"end":{"line":28,"column":47}}]},"3":{"line":31,"type":"if","locations":[{"start":{"line":31,"column":4},"end":{"line":31,"column":4}},{"start":{"line":31,"column":4},"end":{"line":31,"column":4}}]},"4":{"line":34,"type":"if","locations":[{"start":{"line":34,"column":4},"end":{"line":34,"column":4}},{"start":{"line":34,"column":4},"end":{"line":34,"column":4}}]},"5":{"line":34,"type":"binary-expr","locations":[{"start":{"line":34,"column":10},"end":{"line":34,"column":25}},{"start":{"line":34,"column":29},"end":{"line":34,"column":45}}]},"6":{"line":37,"type":"if","locations":[{"start":{"line":37,"column":4},"end":{"line":37,"column":4}},{"start":{"line":37,"column":4},"end":{"line":37,"column":4}}]},"7":{"line":40,"type":"if","locations":[{"start":{"line":40,"column":4},"end":{"line":40,"column":4}},{"start":{"line":40,"column":4},"end":{"line":40,"column":4}}]},"8":{"line":43,"type":"if","locations":[{"start":{"line":43,"column":4},"end":{"line":43,"column":4}},{"start":{"line":43,"column":4},"end":{"line":43,"column":4}}]},"9":{"line":92,"type":"if","locations":[{"start":{"line":92,"column":6},"end":{"line":92,"column":6}},{"start":{"line":92,"column":6},"end":{"line":92,"column":6}}]}}},"/Users/admin/Desktop/nodejs-express-moogodb-myBlog/myblog/models/users.js":{"path":"/Users/admin/Desktop/nodejs-express-moogodb-myBlog/myblog/models/users.js","s":{"1":1,"2":1,"3":0,"4":0},"b":{},"f":{"1":0,"2":0},"fnMap":{"1":{"name":"(anonymous_1)","line":5,"loc":{"start":{"line":5,"column":10},"end":{"line":5,"column":25}}},"2":{"name":"(anonymous_2)","line":8,"loc":{"start":{"line":8,"column":16},"end":{"line":8,"column":30}}}},"statementMap":{"1":{"start":{"line":1,"column":0},"end":{"line":1,"column":40}},"2":{"start":{"line":3,"column":0},"end":{"line":11,"column":2}},"3":{"start":{"line":6,"column":4},"end":{"line":6,"column":36}},"4":{"start":{"line":9,"column":3},"end":{"line":9,"column":58}}},"branchMap":{}},"/Users/admin/Desktop/nodejs-express-moogodb-myBlog/myblog/lib/mongo.js":{"path":"/Users/admin/Desktop/nodejs-express-moogodb-myBlog/myblog/lib/mongo.js","s":{"1":1,"2":1,"3":1,"4":1,"5":1,"6":1,"7":1,"8":0,"9":0,"10":0,"11":0,"12":0,"13":0,"14":1,"15":1,"16":1,"17":1,"18":1,"19":1,"20":1},"b":{"1":[0,0]},"f":{"1":0,"2":0,"3":0},"fnMap":{"1":{"name":"(anonymous_1)","line":11,"loc":{"start":{"line":11,"column":11},"end":{"line":11,"column":28}}},"2":{"name":"(anonymous_2)","line":12,"loc":{"start":{"line":12,"column":18},"end":{"line":12,"column":32}}},"3":{"name":"(anonymous_3)","line":17,"loc":{"start":{"line":17,"column":14},"end":{"line":17,"column":30}}}},"statementMap":{"1":{"start":{"line":1,"column":0},"end":{"line":1,"column":36}},"2":{"start":{"line":2,"column":0},"end":{"line":2,"column":37}},"3":{"start":{"line":3,"column":0},"end":{"line":3,"column":32}},"4":{"start":{"line":4,"column":0},"end":{"line":4,"column":31}},"5":{"start":{"line":5,"column":0},"end":{"line":5,"column":59}},"6":{"start":{"line":7,"column":0},"end":{"line":7,"column":34}},"7":{"start":{"line":10,"column":0},"end":{"line":23,"column":3}},"8":{"start":{"line":12,"column":2},"end":{"line":14,"column":5}},"9":{"start":{"line":13,"column":3},"end":{"line":13,"column":86}},"10":{"start":{"line":15,"column":2},"end":{"line":15,"column":17}},"11":{"start":{"line":18,"column":2},"end":{"line":20,"column":3}},"12":{"start":{"line":19,"column":3},"end":{"line":19,"column":90}},"13":{"start":{"line":21,"column":2},"end":{"line":21,"column":16}},"14":{"start":{"line":26,"column":0},"end":{"line":32,"column":3}},"15":{"start":{"line":34,"column":0},"end":{"line":39,"column":3}},"16":{"start":{"line":41,"column":0},"end":{"line":45,"column":2}},"17":{"start":{"line":48,"column":0},"end":{"line":48,"column":57}},"18":{"start":{"line":49,"column":0},"end":{"line":49,"column":45}},"19":{"start":{"line":51,"column":0},"end":{"line":51,"column":50}},"20":{"start":{"line":52,"column":0},"end":{"line":52,"column":50}}},"branchMap":{"1":{"line":18,"type":"if","locations":[{"start":{"line":18,"column":2},"end":{"line":18,"column":2}},{"start":{"line":18,"column":2},"end":{"line":18,"column":2}}]}}},"/Users/admin/Desktop/nodejs-express-moogodb-myBlog/myblog/middlewares/check.js":{"path":"/Users/admin/Desktop/nodejs-express-moogodb-myBlog/myblog/middlewares/check.js","s":{"1":1,"2":0,"3":0,"4":0,"5":0,"6":0,"7":0,"8":0,"9":0},"b":{"1":[0,0],"2":[0,0]},"f":{"1":0,"2":0},"fnMap":{"1":{"name":"(anonymous_1)","line":2,"loc":{"start":{"line":2,"column":12},"end":{"line":2,"column":35}}},"2":{"name":"(anonymous_2)","line":9,"loc":{"start":{"line":9,"column":15},"end":{"line":9,"column":38}}}},"statementMap":{"1":{"start":{"line":1,"column":0},"end":{"line":16,"column":2}},"2":{"start":{"line":3,"column":2},"end":{"line":6,"column":3}},"3":{"start":{"line":4,"column":3},"end":{"line":4,"column":28}},"4":{"start":{"line":5,"column":3},"end":{"line":5,"column":34}},"5":{"start":{"line":7,"column":1},"end":{"line":7,"column":8}},"6":{"start":{"line":10,"column":2},"end":{"line":13,"column":3}},"7":{"start":{"line":11,"column":3},"end":{"line":11,"column":28}},"8":{"start":{"line":12,"column":3},"end":{"line":12,"column":31}},"9":{"start":{"line":14,"column":1},"end":{"line":14,"column":8}}},"branchMap":{"1":{"line":3,"type":"if","locations":[{"start":{"line":3,"column":2},"end":{"line":3,"column":2}},{"start":{"line":3,"column":2},"end":{"line":3,"column":2}}]},"2":{"line":10,"type":"if","locations":[{"start":{"line":10,"column":2},"end":{"line":10,"column":2}},{"start":{"line":10,"column":2},"end":{"line":10,"column":2}}]}}},"/Users/admin/Desktop/nodejs-express-moogodb-myBlog/myblog/routes/signin.js":{"path":"/Users/admin/Desktop/nodejs-express-moogodb-myBlog/myblog/routes/signin.js","s":{"1":1,"2":1,"3":1,"4":1,"5":1,"6":1,"7":0,"8":1,"9":0,"10":0,"11":0,"12":0,"13":0,"14":0,"15":0,"16":0,"17":0,"18":0,"19":0,"20":0,"21":0,"22":0,"23":1},"b":{"1":[0,0],"2":[0,0]},"f":{"1":0,"2":0,"3":0},"fnMap":{"1":{"name":"(anonymous_1)","line":9,"loc":{"start":{"line":9,"column":31},"end":{"line":9,"column":56}}},"2":{"name":"(anonymous_2)","line":14,"loc":{"start":{"line":14,"column":32},"end":{"line":14,"column":57}}},"3":{"name":"(anonymous_3)","line":18,"loc":{"start":{"line":18,"column":37},"end":{"line":18,"column":51}}}},"statementMap":{"1":{"start":{"line":1,"column":0},"end":{"line":1,"column":33}},"2":{"start":{"line":2,"column":0},"end":{"line":2,"column":30}},"3":{"start":{"line":3,"column":0},"end":{"line":3,"column":27}},"4":{"start":{"line":5,"column":0},"end":{"line":5,"column":43}},"5":{"start":{"line":6,"column":0},"end":{"line":6,"column":66}},"6":{"start":{"line":9,"column":0},"end":{"line":11,"column":3}},"7":{"start":{"line":10,"column":2},"end":{"line":10,"column":23}},"8":{"start":{"line":14,"column":0},"end":{"line":36,"column":3}},"9":{"start":{"line":15,"column":2},"end":{"line":15,"column":29}},"10":{"start":{"line":16,"column":2},"end":{"line":16,"column":37}},"11":{"start":{"line":18,"column":2},"end":{"line":35,"column":17}},"12":{"start":{"line":19,"column":3},"end":{"line":19,"column":21}},"13":{"start":{"line":20,"column":3},"end":{"line":23,"column":4}},"14":{"start":{"line":21,"column":4},"end":{"line":21,"column":32}},"15":{"start":{"line":22,"column":4},"end":{"line":22,"column":32}},"16":{"start":{"line":25,"column":3},"end":{"line":28,"column":4}},"17":{"start":{"line":26,"column":4},"end":{"line":26,"column":34}},"18":{"start":{"line":27,"column":4},"end":{"line":27,"column":32}},"19":{"start":{"line":29,"column":3},"end":{"line":29,"column":31}},"20":{"start":{"line":31,"column":3},"end":{"line":31,"column":24}},"21":{"start":{"line":32,"column":3},"end":{"line":32,"column":27}},"22":{"start":{"line":34,"column":3},"end":{"line":34,"column":26}},"23":{"start":{"line":38,"column":0},"end":{"line":38,"column":24}}},"branchMap":{"1":{"line":20,"type":"if","locations":[{"start":{"line":20,"column":3},"end":{"line":20,"column":3}},{"start":{"line":20,"column":3},"end":{"line":20,"column":3}}]},"2":{"line":25,"type":"if","locations":[{"start":{"line":25,"column":3},"end":{"line":25,"column":3}},{"start":{"line":25,"column":3},"end":{"line":25,"column":3}}]}}},"/Users/admin/Desktop/nodejs-express-moogodb-myBlog/myblog/routes/signout.js":{"path":"/Users/admin/Desktop/nodejs-express-moogodb-myBlog/myblog/routes/signout.js","s":{"1":1,"2":1,"3":1,"4":1,"5":1,"6":1,"7":1,"8":0,"9":0,"10":0,"11":1},"b":{},"f":{"1":0},"fnMap":{"1":{"name":"(anonymous_1)","line":10,"loc":{"start":{"line":10,"column":28},"end":{"line":10,"column":53}}}},"statementMap":{"1":{"start":{"line":1,"column":0},"end":{"line":1,"column":23}},"2":{"start":{"line":2,"column":0},"end":{"line":2,"column":27}},"3":{"start":{"line":3,"column":0},"end":{"line":3,"column":27}},"4":{"start":{"line":4,"column":0},"end":{"line":4,"column":33}},"5":{"start":{"line":5,"column":0},"end":{"line":5,"column":30}},"6":{"start":{"line":7,"column":0},"end":{"line":7,"column":60}},"7":{"start":{"line":10,"column":0},"end":{"line":16,"column":3}},"8":{"start":{"line":12,"column":2},"end":{"line":12,"column":26}},"9":{"start":{"line":13,"column":2},"end":{"line":13,"column":30}},"10":{"start":{"line":15,"column":2},"end":{"line":15,"column":25}},"11":{"start":{"line":18,"column":0},"end":{"line":18,"column":24}}},"branchMap":{}},"/Users/admin/Desktop/nodejs-express-moogodb-myBlog/myblog/routes/posts.js":{"path":"/Users/admin/Desktop/nodejs-express-moogodb-myBlog/myblog/routes/posts.js","s":{"1":1,"2":1,"3":1,"4":1,"5":1,"6":1,"7":0,"8":0,"9":0,"10":0,"11":1,"12":0,"13":1,"14":0,"15":0,"16":0,"17":0,"18":0,"19":0,"20":0,"21":0,"22":0,"23":0,"24":0,"25":0,"26":0,"27":0,"28":0,"29":1,"30":0,"31":0,"32":0,"33":0,"34":0,"35":0,"36":0,"37":0,"38":0,"39":0,"40":0,"41":0,"42":0,"43":1,"44":0,"45":0,"46":0,"47":0,"48":0,"49":0,"50":0,"51":0,"52":1,"53":0,"54":0,"55":0,"56":0,"57":0,"58":0,"59":0,"60":1,"61":0,"62":0,"63":0,"64":0,"65":0,"66":1,"67":0,"68":0,"69":0,"70":0,"71":0,"72":0,"73":0,"74":1,"75":0,"76":0,"77":0,"78":0,"79":0,"80":1},"b":{"1":[0,0],"2":[0,0],"3":[0,0],"4":[0,0],"5":[0,0]},"f":{"1":0,"2":0,"3":0,"4":0,"5":0,"6":0,"7":0,"8":0,"9":0,"10":0,"11":0,"12":0,"13":0,"14":0,"15":0,"16":0,"17":0},"fnMap":{"1":{"name":"(anonymous_1)","line":10,"loc":{"start":{"line":10,"column":16},"end":{"line":10,"column":41}}},"2":{"name":"(anonymous_2)","line":16,"loc":{"start":{"line":16,"column":9},"end":{"line":16,"column":24}}},"3":{"name":"(anonymous_3)","line":23,"loc":{"start":{"line":23,"column":34},"end":{"line":23,"column":59}}},"4":{"name":"(anonymous_4)","line":28,"loc":{"start":{"line":28,"column":29},"end":{"line":28,"column":54}}},"5":{"name":"(anonymous_5)","line":52,"loc":{"start":{"line":52,"column":30},"end":{"line":52,"column":46}}},"6":{"name":"(anonymous_6)","line":64,"loc":{"start":{"line":64,"column":23},"end":{"line":64,"column":48}}},"7":{"name":"(anonymous_7)","line":73,"loc":{"start":{"line":73,"column":9},"end":{"line":73,"column":25}}},"8":{"name":"(anonymous_8)","line":92,"loc":{"start":{"line":92,"column":40},"end":{"line":92,"column":65}}},"9":{"name":"(anonymous_9)","line":97,"loc":{"start":{"line":97,"column":8},"end":{"line":97,"column":23}}},"10":{"name":"(anonymous_10)","line":110,"loc":{"start":{"line":110,"column":41},"end":{"line":110,"column":66}}},"11":{"name":"(anonymous_11)","line":117,"loc":{"start":{"line":117,"column":10},"end":{"line":117,"column":22}}},"12":{"name":"(anonymous_12)","line":126,"loc":{"start":{"line":126,"column":42},"end":{"line":126,"column":67}}},"13":{"name":"(anonymous_13)","line":131,"loc":{"start":{"line":131,"column":10},"end":{"line":131,"column":22}}},"14":{"name":"(anonymous_14)","line":140,"loc":{"start":{"line":140,"column":44},"end":{"line":140,"column":69}}},"15":{"name":"(anonymous_15)","line":151,"loc":{"start":{"line":151,"column":10},"end":{"line":151,"column":20}}},"16":{"name":"(anonymous_16)","line":159,"loc":{"start":{"line":159,"column":61},"end":{"line":159,"column":86}}},"17":{"name":"(anonymous_17)","line":163,"loc":{"start":{"line":163,"column":10},"end":{"line":163,"column":20}}}},"statementMap":{"1":{"start":{"line":1,"column":0},"end":{"line":1,"column":33}},"2":{"start":{"line":2,"column":0},"end":{"line":2,"column":30}},"3":{"start":{"line":3,"column":0},"end":{"line":3,"column":43}},"4":{"start":{"line":4,"column":0},"end":{"line":4,"column":49}},"5":{"start":{"line":6,"column":0},"end":{"line":6,"column":60}},"6":{"start":{"line":10,"column":0},"end":{"line":20,"column":3}},"7":{"start":{"line":12,"column":2},"end":{"line":12,"column":25}},"8":{"start":{"line":13,"column":2},"end":{"line":13,"column":32}},"9":{"start":{"line":15,"column":2},"end":{"line":19,"column":16}},"10":{"start":{"line":17,"column":4},"end":{"line":17,"column":37}},"11":{"start":{"line":23,"column":0},"end":{"line":25,"column":3}},"12":{"start":{"line":24,"column":2},"end":{"line":24,"column":23}},"13":{"start":{"line":28,"column":0},"end":{"line":61,"column":3}},"14":{"start":{"line":29,"column":2},"end":{"line":29,"column":36}},"15":{"start":{"line":30,"column":2},"end":{"line":30,"column":31}},"16":{"start":{"line":31,"column":2},"end":{"line":31,"column":35}},"17":{"start":{"line":33,"column":2},"end":{"line":43,"column":3}},"18":{"start":{"line":34,"column":3},"end":{"line":36,"column":4}},"19":{"start":{"line":35,"column":4},"end":{"line":35,"column":29}},"20":{"start":{"line":37,"column":3},"end":{"line":39,"column":4}},"21":{"start":{"line":38,"column":4},"end":{"line":38,"column":29}},"22":{"start":{"line":41,"column":3},"end":{"line":41,"column":32}},"23":{"start":{"line":42,"column":3},"end":{"line":42,"column":31}},"24":{"start":{"line":45,"column":2},"end":{"line":50,"column":4}},"25":{"start":{"line":52,"column":2},"end":{"line":59,"column":15}},"26":{"start":{"line":54,"column":3},"end":{"line":54,"column":24}},"27":{"start":{"line":55,"column":3},"end":{"line":55,"column":31}},"28":{"start":{"line":57,"column":3},"end":{"line":57,"column":38}},"29":{"start":{"line":64,"column":0},"end":{"line":89,"column":3}},"30":{"start":{"line":65,"column":2},"end":{"line":65,"column":33}},"31":{"start":{"line":66,"column":2},"end":{"line":66,"column":21}},"32":{"start":{"line":67,"column":2},"end":{"line":67,"column":22}},"33":{"start":{"line":68,"column":2},"end":{"line":88,"column":16}},"34":{"start":{"line":74,"column":4},"end":{"line":74,"column":42}},"35":{"start":{"line":75,"column":6},"end":{"line":75,"column":29}},"36":{"start":{"line":76,"column":6},"end":{"line":76,"column":44}},"37":{"start":{"line":77,"column":6},"end":{"line":77,"column":29}},"38":{"start":{"line":78,"column":4},"end":{"line":78,"column":25}},"39":{"start":{"line":79,"column":6},"end":{"line":79,"column":31}},"40":{"start":{"line":80,"column":4},"end":{"line":82,"column":5}},"41":{"start":{"line":81,"column":5},"end":{"line":81,"column":31}},"42":{"start":{"line":83,"column":4},"end":{"line":86,"column":9}},"43":{"start":{"line":92,"column":0},"end":{"line":107,"column":3}},"44":{"start":{"line":93,"column":2},"end":{"line":93,"column":33}},"45":{"start":{"line":94,"column":2},"end":{"line":94,"column":36}},"46":{"start":{"line":96,"column":2},"end":{"line":106,"column":15}},"47":{"start":{"line":98,"column":3},"end":{"line":100,"column":4}},"48":{"start":{"line":99,"column":4},"end":{"line":99,"column":30}},"49":{"start":{"line":101,"column":3},"end":{"line":103,"column":4}},"50":{"start":{"line":102,"column":4},"end":{"line":102,"column":28}},"51":{"start":{"line":104,"column":3},"end":{"line":104,"column":34}},"52":{"start":{"line":110,"column":0},"end":{"line":123,"column":3}},"53":{"start":{"line":111,"column":2},"end":{"line":111,"column":33}},"54":{"start":{"line":112,"column":2},"end":{"line":112,"column":36}},"55":{"start":{"line":113,"column":2},"end":{"line":113,"column":31}},"56":{"start":{"line":114,"column":2},"end":{"line":114,"column":35}},"57":{"start":{"line":116,"column":2},"end":{"line":122,"column":17}},"58":{"start":{"line":118,"column":6},"end":{"line":118,"column":37}},"59":{"start":{"line":120,"column":6},"end":{"line":120,"column":39}},"60":{"start":{"line":126,"column":0},"end":{"line":137,"column":3}},"61":{"start":{"line":127,"column":2},"end":{"line":127,"column":33}},"62":{"start":{"line":128,"column":2},"end":{"line":128,"column":36}},"63":{"start":{"line":130,"column":2},"end":{"line":136,"column":17}},"64":{"start":{"line":132,"column":6},"end":{"line":132,"column":37}},"65":{"start":{"line":134,"column":6},"end":{"line":134,"column":29}},"66":{"start":{"line":140,"column":0},"end":{"line":156,"column":3}},"67":{"start":{"line":142,"column":2},"end":{"line":142,"column":36}},"68":{"start":{"line":143,"column":2},"end":{"line":143,"column":33}},"69":{"start":{"line":144,"column":2},"end":{"line":144,"column":35}},"70":{"start":{"line":145,"column":2},"end":{"line":149,"column":4}},"71":{"start":{"line":150,"column":2},"end":{"line":155,"column":6}},"72":{"start":{"line":152,"column":6},"end":{"line":152,"column":34}},"73":{"start":{"line":154,"column":6},"end":{"line":154,"column":27}},"74":{"start":{"line":159,"column":0},"end":{"line":168,"column":3}},"75":{"start":{"line":160,"column":2},"end":{"line":160,"column":39}},"76":{"start":{"line":161,"column":2},"end":{"line":161,"column":36}},"77":{"start":{"line":162,"column":2},"end":{"line":167,"column":17}},"78":{"start":{"line":164,"column":6},"end":{"line":164,"column":36}},"79":{"start":{"line":165,"column":6},"end":{"line":165,"column":27}},"80":{"start":{"line":170,"column":0},"end":{"line":170,"column":24}}},"branchMap":{"1":{"line":34,"type":"if","locations":[{"start":{"line":34,"column":3},"end":{"line":34,"column":3}},{"start":{"line":34,"column":3},"end":{"line":34,"column":3}}]},"2":{"line":37,"type":"if","locations":[{"start":{"line":37,"column":3},"end":{"line":37,"column":3}},{"start":{"line":37,"column":3},"end":{"line":37,"column":3}}]},"3":{"line":80,"type":"if","locations":[{"start":{"line":80,"column":4},"end":{"line":80,"column":4}},{"start":{"line":80,"column":4},"end":{"line":80,"column":4}}]},"4":{"line":98,"type":"if","locations":[{"start":{"line":98,"column":3},"end":{"line":98,"column":3}},{"start":{"line":98,"column":3},"end":{"line":98,"column":3}}]},"5":{"line":101,"type":"if","locations":[{"start":{"line":101,"column":3},"end":{"line":101,"column":3}},{"start":{"line":101,"column":3},"end":{"line":101,"column":3}}]}}},"/Users/admin/Desktop/nodejs-express-moogodb-myBlog/myblog/models/posts.js":{"path":"/Users/admin/Desktop/nodejs-express-moogodb-myBlog/myblog/models/posts.js","s":{"1":1,"2":1,"3":1,"4":1,"5":0,"6":0,"7":0,"8":0,"9":0,"10":0,"11":0,"12":0,"13":0,"14":1,"15":0,"16":0,"17":0,"18":0,"19":0,"20":0,"21":1,"22":0,"23":0,"24":0,"25":0,"26":0,"27":0,"28":0,"29":0,"30":0,"31":0,"32":0,"33":0,"34":0},"b":{"1":[0,0],"2":[0,0],"3":[0,0],"4":[0,0],"5":[0,0]},"f":{"1":0,"2":0,"3":0,"4":0,"5":0,"6":0,"7":0,"8":0,"9":0,"10":0,"11":0,"12":0,"13":0,"14":0,"15":0,"16":0},"fnMap":{"1":{"name":"(anonymous_1)","line":6,"loc":{"start":{"line":6,"column":11},"end":{"line":6,"column":26}}},"2":{"name":"(anonymous_2)","line":7,"loc":{"start":{"line":7,"column":31},"end":{"line":7,"column":45}}},"3":{"name":"(anonymous_3)","line":8,"loc":{"start":{"line":8,"column":55},"end":{"line":8,"column":78}}},"4":{"name":"(anonymous_4)","line":14,"loc":{"start":{"line":14,"column":14},"end":{"line":14,"column":28}}},"5":{"name":"(anonymous_5)","line":16,"loc":{"start":{"line":16,"column":55},"end":{"line":16,"column":70}}},"6":{"name":"(anonymous_6)","line":26,"loc":{"start":{"line":26,"column":11},"end":{"line":26,"column":26}}},"7":{"name":"(anonymous_7)","line":27,"loc":{"start":{"line":27,"column":19},"end":{"line":27,"column":33}}},"8":{"name":"(anonymous_8)","line":32,"loc":{"start":{"line":32,"column":14},"end":{"line":32,"column":28}}},"9":{"name":"(anonymous_9)","line":41,"loc":{"start":{"line":41,"column":8},"end":{"line":41,"column":23}}},"10":{"name":"(anonymous_10)","line":45,"loc":{"start":{"line":45,"column":13},"end":{"line":45,"column":29}}},"11":{"name":"(anonymous_11)","line":55,"loc":{"start":{"line":55,"column":11},"end":{"line":55,"column":27}}},"12":{"name":"(anonymous_12)","line":70,"loc":{"start":{"line":70,"column":11},"end":{"line":70,"column":27}}},"13":{"name":"(anonymous_13)","line":76,"loc":{"start":{"line":76,"column":20},"end":{"line":76,"column":36}}},"14":{"name":"(anonymous_14)","line":83,"loc":{"start":{"line":83,"column":20},"end":{"line":83,"column":48}}},"15":{"name":"(anonymous_15)","line":87,"loc":{"start":{"line":87,"column":17},"end":{"line":87,"column":40}}},"16":{"name":"(anonymous_16)","line":90,"loc":{"start":{"line":90,"column":13},"end":{"line":90,"column":26}}}},"statementMap":{"1":{"start":{"line":1,"column":0},"end":{"line":1,"column":40}},"2":{"start":{"line":2,"column":0},"end":{"line":2,"column":31}},"3":{"start":{"line":3,"column":0},"end":{"line":3,"column":41}},"4":{"start":{"line":5,"column":0},"end":{"line":23,"column":2}},"5":{"start":{"line":7,"column":2},"end":{"line":12,"column":6}},"6":{"start":{"line":8,"column":3},"end":{"line":11,"column":6}},"7":{"start":{"line":9,"column":4},"end":{"line":9,"column":39}},"8":{"start":{"line":10,"column":4},"end":{"line":10,"column":16}},"9":{"start":{"line":15,"column":2},"end":{"line":20,"column":3}},"10":{"start":{"line":16,"column":3},"end":{"line":19,"column":6}},"11":{"start":{"line":17,"column":4},"end":{"line":17,"column":31}},"12":{"start":{"line":18,"column":4},"end":{"line":18,"column":16}},"13":{"start":{"line":21,"column":2},"end":{"line":21,"column":14}},"14":{"start":{"line":25,"column":0},"end":{"line":38,"column":3}},"15":{"start":{"line":27,"column":2},"end":{"line":30,"column":4}},"16":{"start":{"line":28,"column":3},"end":{"line":28,"column":39}},"17":{"start":{"line":29,"column":3},"end":{"line":29,"column":15}},"18":{"start":{"line":33,"column":2},"end":{"line":35,"column":3}},"19":{"start":{"line":34,"column":3},"end":{"line":34,"column":39}},"20":{"start":{"line":36,"column":2},"end":{"line":36,"column":14}},"21":{"start":{"line":40,"column":0},"end":{"line":98,"column":2}},"22":{"start":{"line":42,"column":2},"end":{"line":42,"column":34}},"23":{"start":{"line":46,"column":2},"end":{"line":52,"column":13}},"24":{"start":{"line":56,"column":3},"end":{"line":56,"column":18}},"25":{"start":{"line":57,"column":3},"end":{"line":59,"column":4}},"26":{"start":{"line":58,"column":4},"end":{"line":58,"column":26}},"27":{"start":{"line":60,"column":3},"end":{"line":67,"column":12}},"28":{"start":{"line":71,"column":6},"end":{"line":73,"column":15}},"29":{"start":{"line":77,"column":6},"end":{"line":80,"column":15}},"30":{"start":{"line":84,"column":6},"end":{"line":84,"column":72}},"31":{"start":{"line":88,"column":6},"end":{"line":96,"column":10}},"32":{"start":{"line":92,"column":8},"end":{"line":92,"column":54}},"33":{"start":{"line":93,"column":8},"end":{"line":95,"column":9}},"34":{"start":{"line":94,"column":9},"end":{"line":94,"column":57}}},"branchMap":{"1":{"line":15,"type":"if","locations":[{"start":{"line":15,"column":2},"end":{"line":15,"column":2}},{"start":{"line":15,"column":2},"end":{"line":15,"column":2}}]},"2":{"line":33,"type":"if","locations":[{"start":{"line":33,"column":2},"end":{"line":33,"column":2}},{"start":{"line":33,"column":2},"end":{"line":33,"column":2}}]},"3":{"line":57,"type":"if","locations":[{"start":{"line":57,"column":3},"end":{"line":57,"column":3}},{"start":{"line":57,"column":3},"end":{"line":57,"column":3}}]},"4":{"line":93,"type":"if","locations":[{"start":{"line":93,"column":8},"end":{"line":93,"column":8}},{"start":{"line":93,"column":8},"end":{"line":93,"column":8}}]},"5":{"line":93,"type":"binary-expr","locations":[{"start":{"line":93,"column":11},"end":{"line":93,"column":24}},{"start":{"line":93,"column":28},"end":{"line":93,"column":44}}]}}},"/Users/admin/Desktop/nodejs-express-moogodb-myBlog/myblog/models/comments.js":{"path":"/Users/admin/Desktop/nodejs-express-moogodb-myBlog/myblog/models/comments.js","s":{"1":1,"2":1,"3":1,"4":0,"5":0,"6":0,"7":1,"8":0,"9":0,"10":0,"11":0,"12":0},"b":{},"f":{"1":0,"2":0,"3":0,"4":0,"5":0,"6":0,"7":0},"fnMap":{"1":{"name":"(anonymous_1)","line":5,"loc":{"start":{"line":5,"column":11},"end":{"line":5,"column":29}}},"2":{"name":"(anonymous_2)","line":6,"loc":{"start":{"line":6,"column":22},"end":{"line":6,"column":40}}},"3":{"name":"(anonymous_3)","line":13,"loc":{"start":{"line":13,"column":8},"end":{"line":13,"column":25}}},"4":{"name":"(anonymous_4)","line":17,"loc":{"start":{"line":17,"column":16},"end":{"line":17,"column":42}}},"5":{"name":"(anonymous_5)","line":21,"loc":{"start":{"line":21,"column":21},"end":{"line":21,"column":37}}},"6":{"name":"(anonymous_6)","line":25,"loc":{"start":{"line":25,"column":13},"end":{"line":25,"column":29}}},"7":{"name":"(anonymous_7)","line":35,"loc":{"start":{"line":35,"column":18},"end":{"line":35,"column":34}}}},"statementMap":{"1":{"start":{"line":1,"column":0},"end":{"line":1,"column":31}},"2":{"start":{"line":2,"column":0},"end":{"line":2,"column":46}},"3":{"start":{"line":4,"column":0},"end":{"line":11,"column":3}},"4":{"start":{"line":6,"column":2},"end":{"line":9,"column":5}},"5":{"start":{"line":7,"column":3},"end":{"line":7,"column":45}},"6":{"start":{"line":8,"column":3},"end":{"line":8,"column":18}},"7":{"start":{"line":12,"column":0},"end":{"line":38,"column":2}},"8":{"start":{"line":14,"column":2},"end":{"line":14,"column":40}},"9":{"start":{"line":18,"column":2},"end":{"line":18,"column":65}},"10":{"start":{"line":22,"column":2},"end":{"line":22,"column":51}},"11":{"start":{"line":26,"column":2},"end":{"line":32,"column":11}},"12":{"start":{"line":36,"column":2},"end":{"line":36,"column":51}}},"branchMap":{}}}